<?xml version="1.0" encoding="UTF-8"?>
<!-- Generated by org.testng.reporters.JUnitXMLReporter -->
<testsuite ignored="0" hostname="DESKTOP-3VUS7CK" failures="1" tests="6" name="Different testng features" time="29.948" errors="0" timestamp="2022-01-21T22:21:29 IST">
  <testcase classname="com.testng.ExceptionTimeout" name="infiniteloopTest" time="0.026">
    <failure type="org.testng.TestException" message="
Expected exception of type class java.lang.NumberFormatException but got org.testng.internal.thread.ThreadTimeoutException: Method com.testng.ExceptionTimeout.infiniteloopTest() didn&amp;apos;t finish within the time-out 2">
      <![CDATA[org.testng.TestException: 
at java.base/java.util.ArrayList.forEach(ArrayList.java:1541)
... 22 more
... Removed 29 stack frames]]>
    </failure>
  </testcase> <!-- infiniteloopTest -->
  <testcase classname="com.testng.Googetext" name="googletitletext" time="0.239"/>
  <testcase classname="com.testng.Googetext" name="googlelogo" time="0.262"/>
  <testcase classname="com.testng.Googetext" name="searchtext" time="0.137"/>
  <testcase classname="com.testng.GoogleTestValidation" name="searchtext" time="0.137"/>
  <testcase classname="com.testng.GoogleTestValidation" name="googletitletext" time="0.034"/>
</testsuite> <!-- Different testng features -->
