<?xml version="1.0" encoding="UTF-8"?>
<testng-results ignored="0" total="2" passed="2" failed="0" skipped="0">
  <reporter-output>
  </reporter-output>
  <suite started-at="2022-01-28T11:29:42 IST" name="Default suite" finished-at="2022-01-28T11:29:49 IST" duration-ms="7319">
    <groups>
    </groups>
    <test started-at="2022-01-28T11:29:42 IST" name="Default test" finished-at="2022-01-28T11:29:49 IST" duration-ms="7319">
      <class name="getRequest.getData">
        <test-method signature="testBody()[pri:0, instance:getRequest.getData@68c72235]" started-at="2022-01-28T11:29:42 IST" name="testBody" finished-at="2022-01-28T11:29:48 IST" duration-ms="6498" status="PASS">
          <reporter-output>
          </reporter-output>
        </test-method> <!-- testBody -->
        <test-method signature="testResponse()[pri:0, instance:getRequest.getData@68c72235]" started-at="2022-01-28T11:29:48 IST" name="testResponse" finished-at="2022-01-28T11:29:49 IST" duration-ms="694" status="PASS">
          <reporter-output>
          </reporter-output>
        </test-method> <!-- testResponse -->
      </class> <!-- getRequest.getData -->
    </test> <!-- Default test -->
  </suite> <!-- Default suite -->
</testng-results>
