<?xml version="1.0" encoding="UTF-8"?>
<testng-results ignored="0" total="1" passed="1" failed="0" skipped="0">
  <reporter-output>
  </reporter-output>
  <suite started-at="2022-01-26T20:02:14 IST" name="Default suite" finished-at="2022-01-26T20:02:19 IST" duration-ms="4856">
    <groups>
    </groups>
    <test started-at="2022-01-26T20:02:14 IST" name="Default test" finished-at="2022-01-26T20:02:19 IST" duration-ms="4856">
      <class name="Logging.log">
        <test-method signature="errorlogging()[pri:0, instance:Logging.log@1cbb87f3]" started-at="2022-01-26T20:02:14 IST" name="errorlogging" finished-at="2022-01-26T20:02:19 IST" duration-ms="4783" status="PASS">
          <reporter-output>
          </reporter-output>
        </test-method> <!-- errorlogging -->
      </class> <!-- Logging.log -->
    </test> <!-- Default test -->
  </suite> <!-- Default suite -->
</testng-results>
