<?xml version="1.0" encoding="UTF-8"?>
<testng-results ignored="0" total="2" passed="2" failed="0" skipped="0">
  <reporter-output>
  </reporter-output>
  <suite started-at="2022-01-31T19:27:28 IST" name="Suite" finished-at="2022-01-31T19:27:43 IST" duration-ms="14729">
    <groups>
    </groups>
    <test started-at="2022-01-31T19:27:28 IST" name="Test1" finished-at="2022-01-31T19:27:34 IST" duration-ms="5780">
      <class name="crossBrowsers.ParallelTesting">
        <test-method signature="Verifytitle(java.lang.String)[pri:0, instance:crossBrowsers.ParallelTesting@37d4349f]" started-at="2022-01-31T19:27:28 IST" name="Verifytitle" finished-at="2022-01-31T19:27:34 IST" duration-ms="5689" status="PASS">
          <params>
            <param index="0">
              <value>
                <![CDATA[chrome]]>
              </value>
            </param>
          </params>
          <reporter-output>
          </reporter-output>
        </test-method> <!-- Verifytitle -->
      </class> <!-- crossBrowsers.ParallelTesting -->
    </test> <!-- Test1 -->
    <test started-at="2022-01-31T19:27:28 IST" name="Test" finished-at="2022-01-31T19:27:43 IST" duration-ms="14729">
      <class name="crossBrowsers.ParallelTesting">
        <test-method signature="Verifytitle(java.lang.String)[pri:0, instance:crossBrowsers.ParallelTesting@10feca44]" started-at="2022-01-31T19:27:28 IST" name="Verifytitle" finished-at="2022-01-31T19:27:43 IST" duration-ms="14647" status="PASS">
          <params>
            <param index="0">
              <value>
                <![CDATA[firefox]]>
              </value>
            </param>
          </params>
          <reporter-output>
          </reporter-output>
        </test-method> <!-- Verifytitle -->
      </class> <!-- crossBrowsers.ParallelTesting -->
    </test> <!-- Test -->
  </suite> <!-- Suite -->
</testng-results>
